Application/build/outputs/logs/manifest-merger-debug-report.txt
-- Merging decision tree log ---
manifest
ADDED from src\main\AndroidManifest.xml:18:1-52:12
INJECTED from src\main\AndroidManifest.xml:18:1-52:12
INJECTED from src\main\AndroidManifest.xml:18:1-52:12
INJECTED from src\main\AndroidManifest.xml:18:1-52:12
INJECTED from src\main\AndroidManifest.xml:18:1-52:12
	package
		ADDED from src\main\AndroidManifest.xml:19:5-70
	android:versionName
		ADDED from src\main\AndroidManifest.xml:21:5-30
		INJECTED from src\main\AndroidManifest.xml
		INJECTED from src\main\AndroidManifest.xml
	xmlns:android
		ADDED from src\main\AndroidManifest.xml:18:11-69
	android:versionCode
		ADDED from src\main\AndroidManifest.xml:20:5-28
		INJECTED from src\main\AndroidManifest.xml
		INJECTED from src\main\AndroidManifest.xml
application
ADDED from src\main\AndroidManifest.xml:28:5-50:19
	android:label
		ADDED from src\main\AndroidManifest.xml:30:9-41
	android:icon
		ADDED from src\main\AndroidManifest.xml:29:9-45
	android:allowBackup
		ADDED from src\main\AndroidManifest.xml:32:9-35
	android:theme
		ADDED from src\main\AndroidManifest.xml:31:9-47
activity#com.example.android.actionbarcompat.shareactionprovider.MainActivity
ADDED from src\main\AndroidManifest.xml:34:9-41:20
	android:name
		ADDED from src\main\AndroidManifest.xml:35:13-41
intent-filter#action:name:android.intent.action.MAIN+category:name:android.intent.category.LAUNCHER
ADDED from src\main\AndroidManifest.xml:37:13-40:29
action#android.intent.action.MAIN
ADDED from src\main\AndroidManifest.xml:38:17-69
	android:name
		ADDED from src\main\AndroidManifest.xml:38:25-66
category#android.intent.category.LAUNCHER
ADDED from src\main\AndroidManifest.xml:39:17-77
	android:name
		ADDED from src\main\AndroidManifest.xml:39:27-74
provider#com.example.android.actionbarcompat.shareactionprovider.content.AssetProvider
ADDED from src\main\AndroidManifest.xml:44:9-48:39
	android:grantUriPermissions
		ADDED from src\main\AndroidManifest.xml:47:13-47
	android:authorities
		ADDED from src\main\AndroidManifest.xml:46:13-90
	android:exported
		ADDED from src\main\AndroidManifest.xml:48:13-36
	android:name
		ADDED from src\main\AndroidManifest.xml:45:13-50
uses-sdk
INJECTED from src\main\AndroidManifest.xml reason: use-sdk injection requested
INJECTED from src\main\AndroidManifest.xml
INJECTED from src\main\AndroidManifest.xml
INJECTED from src\main\AndroidManifest.xml
INJECTED from src\main\AndroidManifest.xml
	android:targetSdkVersion
		INJECTED from src\main\AndroidManifest.xml
		ADDED from src\main\AndroidManifest.xml
		INJECTED from src\main\AndroidManifest.xml
	android:minSdkVersion
		INJECTED from src\main\AndroidManifest.xml
		ADDED from src\main\AndroidManifest.xml
		INJECTED from src\main\AndroidManifest.xml